[INFO ] 2024-09-26 22:56:51.588 [main] MyStoreV01 - url opened
[INFO ] 2024-09-26 22:56:51.588 [main] MyStoreV01 - url opened
[INFO ] 2024-09-26 22:56:53.326 [main] MyStoreV01 - click on sign in link
[INFO ] 2024-09-26 22:56:53.326 [main] MyStoreV01 - click on sign in link
[INFO ] 2024-09-26 22:56:53.794 [main] MyStoreV01 - Enter username & password
[INFO ] 2024-09-26 22:56:53.794 [main] MyStoreV01 - Enter username & password
[INFO ] 2024-09-26 22:56:56.351 [main] MyStoreV01 - VerifyLogin:- Passed
[INFO ] 2024-09-26 22:56:56.351 [main] MyStoreV01 - VerifyLogin:- Passed
[INFO ] 2024-09-26 22:56:59.717 [main] MyStoreV01 - click on sign in link
[INFO ] 2024-09-26 22:56:59.717 [main] MyStoreV01 - click on sign in link
[INFO ] 2024-09-26 22:57:00.117 [main] MyStoreV01 - Enter username & password
[INFO ] 2024-09-26 22:57:00.117 [main] MyStoreV01 - Enter username & password
[INFO ] 2024-09-26 22:57:02.623 [main] MyStoreV01 - VerifySignOut - Passed
[INFO ] 2024-09-26 22:57:02.623 [main] MyStoreV01 - VerifySignOut - Passed
[INFO ] 2024-09-26 22:57:17.567 [main] MyStoreV01 - url opened
[INFO ] 2024-09-26 22:57:17.567 [main] MyStoreV01 - url opened
[INFO ] 2024-09-26 22:57:19.178 [main] MyStoreV01 - click on sign in link
[INFO ] 2024-09-26 22:57:19.178 [main] MyStoreV01 - click on sign in link
[INFO ] 2024-09-26 22:57:19.573 [main] MyStoreV01 - Enter username & password
[INFO ] 2024-09-26 22:57:19.573 [main] MyStoreV01 - Enter username & password
[INFO ] 2024-09-26 22:57:21.191 [main] MyStoreV01 - login is Successful
[INFO ] 2024-09-26 22:57:21.191 [main] MyStoreV01 - login is Successful
[INFO ] 2024-09-26 22:57:22.636 [main] MyStoreV01 - Product is showed in page
[INFO ] 2024-09-26 22:57:22.636 [main] MyStoreV01 - Product is showed in page
[INFO ] 2024-09-26 22:57:27.043 [main] MyStoreV01 - Product color choosen
[INFO ] 2024-09-26 22:57:27.043 [main] MyStoreV01 - Product color choosen
[INFO ] 2024-09-26 22:57:30.148 [main] MyStoreV01 - Product'S quantity is increased
[INFO ] 2024-09-26 22:57:30.148 [main] MyStoreV01 - Product'S quantity is increased
[INFO ] 2024-09-26 22:57:30.401 [main] MyStoreV01 - Product'S size is selected
[INFO ] 2024-09-26 22:57:30.401 [main] MyStoreV01 - Product'S size is selected
[INFO ] 2024-09-26 22:57:30.512 [main] MyStoreV01 - Product added to cart
[INFO ] 2024-09-26 22:57:30.512 [main] MyStoreV01 - Product added to cart
[INFO ] 2024-09-26 22:57:34.790 [main] MyStoreV01 - CheckOut...
[INFO ] 2024-09-26 22:57:34.790 [main] MyStoreV01 - CheckOut...
[INFO ] 2024-09-26 22:57:39.242 [main] MyStoreV01 - Ready for shipping ...
[INFO ] 2024-09-26 22:57:39.242 [main] MyStoreV01 - Ready for shipping ...
[INFO ] 2024-09-26 22:57:47.883 [main] MyStoreV01 - payment completed
[INFO ] 2024-09-26 22:57:47.883 [main] MyStoreV01 - payment completed
[INFO ] 2024-09-26 22:57:47.936 [main] MyStoreV01 - Passed
[INFO ] 2024-09-26 22:57:47.936 [main] MyStoreV01 - Passed
[INFO ] 2024-09-26 22:57:50.740 [main] MyStoreV01 - click on sign in link
[INFO ] 2024-09-26 22:57:50.740 [main] MyStoreV01 - click on sign in link
[INFO ] 2024-09-26 22:57:51.128 [main] MyStoreV01 - Enter username & password
[INFO ] 2024-09-26 22:57:51.128 [main] MyStoreV01 - Enter username & password
[INFO ] 2024-09-26 22:57:52.296 [main] MyStoreV01 - login is Successful
[INFO ] 2024-09-26 22:57:52.296 [main] MyStoreV01 - login is Successful
[INFO ] 2024-09-26 22:57:54.122 [main] MyStoreV01 - Product is showed in page
[INFO ] 2024-09-26 22:57:54.122 [main] MyStoreV01 - Product is showed in page
[INFO ] 2024-09-26 22:57:54.164 [main] MyStoreV01 - Search Product testcase - Passed
[INFO ] 2024-09-26 22:57:54.164 [main] MyStoreV01 - Search Product testcase - Passed
[INFO ] 2024-09-26 22:57:55.557 [main] MyStoreV01 - search test case end
[INFO ] 2024-09-26 22:57:55.557 [main] MyStoreV01 - search test case end
[INFO ] 2024-09-26 23:56:29.140 [main] MyStoreV01 - url opened
[INFO ] 2024-09-26 23:56:29.140 [main] MyStoreV01 - url opened
[INFO ] 2024-09-26 23:56:40.696 [main] MyStoreV01 - click on sign in link
[INFO ] 2024-09-26 23:56:40.696 [main] MyStoreV01 - click on sign in link
[INFO ] 2024-09-26 23:56:41.297 [main] MyStoreV01 - Enter username & password
[INFO ] 2024-09-26 23:56:41.297 [main] MyStoreV01 - Enter username & password
[INFO ] 2024-09-26 23:56:42.609 [main] MyStoreV01 - login is Successful
[INFO ] 2024-09-26 23:56:42.609 [main] MyStoreV01 - login is Successful
[INFO ] 2024-09-26 23:56:44.408 [main] MyStoreV01 - Product is showed in page
[INFO ] 2024-09-26 23:56:44.408 [main] MyStoreV01 - Product is showed in page
[INFO ] 2024-09-26 23:56:48.785 [main] MyStoreV01 - Product color choosen
[INFO ] 2024-09-26 23:56:48.785 [main] MyStoreV01 - Product color choosen
[INFO ] 2024-09-26 23:56:52.264 [main] MyStoreV01 - Product'S quantity is increased
[INFO ] 2024-09-26 23:56:52.264 [main] MyStoreV01 - Product'S quantity is increased
[INFO ] 2024-09-26 23:56:52.655 [main] MyStoreV01 - Product'S size is selected
[INFO ] 2024-09-26 23:56:52.655 [main] MyStoreV01 - Product'S size is selected
[INFO ] 2024-09-26 23:56:52.802 [main] MyStoreV01 - Product added to cart
[INFO ] 2024-09-26 23:56:52.802 [main] MyStoreV01 - Product added to cart
[INFO ] 2024-09-26 23:56:56.295 [main] MyStoreV01 - CheckOut...
[INFO ] 2024-09-26 23:56:56.295 [main] MyStoreV01 - CheckOut...
[INFO ] 2024-09-26 23:56:59.104 [main] MyStoreV01 - Ready for shipping ...
[INFO ] 2024-09-26 23:56:59.104 [main] MyStoreV01 - Ready for shipping ...
[INFO ] 2024-09-26 23:57:07.572 [main] MyStoreV01 - payment completed
[INFO ] 2024-09-26 23:57:07.572 [main] MyStoreV01 - payment completed
[INFO ] 2024-09-26 23:57:08.298 [main] MyStoreV01 - Passed
[INFO ] 2024-09-26 23:57:08.298 [main] MyStoreV01 - Passed
[INFO ] 2024-09-26 23:57:11.753 [main] MyStoreV01 - click on sign in link
[INFO ] 2024-09-26 23:57:11.753 [main] MyStoreV01 - click on sign in link
[INFO ] 2024-09-26 23:57:12.230 [main] MyStoreV01 - Enter username & password
[INFO ] 2024-09-26 23:57:12.230 [main] MyStoreV01 - Enter username & password
[INFO ] 2024-09-26 23:57:13.273 [main] MyStoreV01 - login is Successful
[INFO ] 2024-09-26 23:57:13.273 [main] MyStoreV01 - login is Successful
[INFO ] 2024-09-26 23:57:14.995 [main] MyStoreV01 - Product is showed in page
[INFO ] 2024-09-26 23:57:14.995 [main] MyStoreV01 - Product is showed in page
[INFO ] 2024-09-26 23:57:15.041 [main] MyStoreV01 - Search Product testcase - Passed
[INFO ] 2024-09-26 23:57:15.041 [main] MyStoreV01 - Search Product testcase - Passed
[INFO ] 2024-09-26 23:57:16.348 [main] MyStoreV01 - search test case end
[INFO ] 2024-09-26 23:57:16.348 [main] MyStoreV01 - search test case end
[INFO ] 2024-09-26 23:57:27.749 [main] MyStoreV01 - url opened
[INFO ] 2024-09-26 23:57:27.749 [main] MyStoreV01 - url opened
[INFO ] 2024-09-26 23:57:33.437 [main] MyStoreV01 - click on sign in link
[INFO ] 2024-09-26 23:57:33.437 [main] MyStoreV01 - click on sign in link
[INFO ] 2024-09-26 23:57:34.113 [main] MyStoreV01 - Enter username & password
[INFO ] 2024-09-26 23:57:34.113 [main] MyStoreV01 - Enter username & password
[INFO ] 2024-09-26 23:57:35.462 [main] MyStoreV01 - VerifyLogin:- Passed
[INFO ] 2024-09-26 23:57:35.462 [main] MyStoreV01 - VerifyLogin:- Passed
[INFO ] 2024-09-26 23:57:38.065 [main] MyStoreV01 - click on sign in link
[INFO ] 2024-09-26 23:57:38.065 [main] MyStoreV01 - click on sign in link
[INFO ] 2024-09-26 23:57:38.768 [main] MyStoreV01 - Enter username & password
[INFO ] 2024-09-26 23:57:38.768 [main] MyStoreV01 - Enter username & password
[INFO ] 2024-09-26 23:57:41.229 [main] MyStoreV01 - VerifySignOut - Passed
[INFO ] 2024-09-26 23:57:41.229 [main] MyStoreV01 - VerifySignOut - Passed
[INFO ] 2024-09-26 23:57:56.359 [main] MyStoreV01 - url opened
[INFO ] 2024-09-26 23:57:56.359 [main] MyStoreV01 - url opened
[DEBUG] 2024-09-26 23:57:56.947 [main] PackageRelationshipCollection - Parsing relationship: /customXml/_rels/item1.xml.rels
[DEBUG] 2024-09-26 23:57:56.953 [main] PackageRelationshipCollection - Parsing relationship: /customXml/_rels/item2.xml.rels
[DEBUG] 2024-09-26 23:57:56.957 [main] PackageRelationshipCollection - Parsing relationship: /customXml/_rels/item3.xml.rels
[DEBUG] 2024-09-26 23:57:57.030 [main] PackageRelationshipCollection - Parsing relationship: /xl/_rels/workbook.xml.rels
[DEBUG] 2024-09-26 23:57:57.036 [main] PackageRelationshipCollection - Parsing relationship: /xl/worksheets/_rels/sheet1.xml.rels
[DEBUG] 2024-09-26 23:57:57.049 [main] PackageRelationshipCollection - Parsing relationship: /_rels/.rels
[TRACE] 2024-09-26 23:57:58.380 [main] XBeanDebug - Loading type system org.apache.poi.schemas.ooxml.system.ooxml
[TRACE] 2024-09-26 23:57:58.390 [main] XBeanDebug - Loading type system org.apache.xmlbeans.metadata.system.sXMLCONFIG
[TRACE] 2024-09-26 23:57:58.394 [main] XBeanDebug - Loading type system org.apache.xmlbeans.metadata.system.sXMLLANG
[TRACE] 2024-09-26 23:57:58.396 [main] XBeanDebug - Loading type system org.apache.xmlbeans.metadata.system.sXMLSCHEMA
[TRACE] 2024-09-26 23:57:58.398 [main] XBeanDebug - Loading type system org.apache.xmlbeans.metadata.system.sXMLTOOLS
[TRACE] 2024-09-26 23:57:58.400 [main] XBeanDebug - Reading unresolved handles for type system org.apache.xmlbeans.metadata.system.sXMLTOOLS
[TRACE] 2024-09-26 23:57:58.430 [main] XBeanDebug - Finished loading type system org.apache.xmlbeans.metadata.system.sXMLTOOLS
[TRACE] 2024-09-26 23:57:58.433 [main] XBeanDebug - Reading unresolved handles for type system org.apache.xmlbeans.metadata.system.sXMLSCHEMA
[TRACE] 2024-09-26 23:57:58.450 [main] XBeanDebug - Finished loading type system org.apache.xmlbeans.metadata.system.sXMLSCHEMA
[TRACE] 2024-09-26 23:57:58.452 [main] XBeanDebug - Reading unresolved handles for type system org.apache.xmlbeans.metadata.system.sXMLLANG
[TRACE] 2024-09-26 23:57:58.457 [main] XBeanDebug - Finished loading type system org.apache.xmlbeans.metadata.system.sXMLLANG
[TRACE] 2024-09-26 23:57:58.469 [main] XBeanDebug - Reading unresolved handles for type system org.apache.xmlbeans.metadata.system.sXMLCONFIG
[TRACE] 2024-09-26 23:57:58.481 [main] XBeanDebug - Finished loading type system org.apache.xmlbeans.metadata.system.sXMLCONFIG
[TRACE] 2024-09-26 23:57:58.486 [main] XBeanDebug - Reading unresolved handles for type system org.apache.poi.schemas.ooxml.system.ooxml
[TRACE] 2024-09-26 23:57:58.748 [main] XBeanDebug - Finished loading type system org.apache.poi.schemas.ooxml.system.ooxml
[TRACE] 2024-09-26 23:57:58.750 [main] XBeanDebug - Resolving type for handle themefd26doctype
[TRACE] 2024-09-26 23:57:59.045 [main] XBeanDebug - Resolving type for handle stylesheet5d8bdoctype
[TRACE] 2024-09-26 23:57:59.078 [main] XBeanDebug - Resolving type for handle ctstylesheet4257type
[TRACE] 2024-09-26 23:57:59.096 [main] XBeanDebug - Resolving type for handle ctfonts6623type
[TRACE] 2024-09-26 23:57:59.107 [main] XBeanDebug - Resolving type for handle ctfont14d8type
[TRACE] 2024-09-26 23:57:59.135 [main] XBeanDebug - Resolving type for handle ctfills2c6ftype
[TRACE] 2024-09-26 23:57:59.145 [main] XBeanDebug - Resolving type for handle ctfill550ctype
[TRACE] 2024-09-26 23:57:59.150 [main] XBeanDebug - Resolving type for handle ctborders0d66type
[TRACE] 2024-09-26 23:57:59.157 [main] XBeanDebug - Resolving type for handle ctborderf935type
[TRACE] 2024-09-26 23:57:59.166 [main] XBeanDebug - Resolving type for handle ctcellxfs1322type
[TRACE] 2024-09-26 23:57:59.182 [main] XBeanDebug - Resolving type for handle ctxf97f7type
[TRACE] 2024-09-26 23:57:59.193 [main] XBeanDebug - Resolving type for handle ctcellstylexfsa81ftype
[TRACE] 2024-09-26 23:57:59.197 [main] XBeanDebug - Resolving type for handle ctdxfsb26atype
[TRACE] 2024-09-26 23:57:59.202 [main] XBeanDebug - Resolving type for handle cttablestyles872ftype
[TRACE] 2024-09-26 23:57:59.213 [main] XBeanDebug - Resolving type for handle sstf81fdoctype
[TRACE] 2024-09-26 23:57:59.241 [main] XBeanDebug - Resolving type for handle ctsst44f3type
[TRACE] 2024-09-26 23:57:59.274 [main] XBeanDebug - Resolving type for handle ctrsta472type
[DEBUG] 2024-09-26 23:57:59.371 [main] POIXMLFactory - using default POIXMLDocumentPart for http://schemas.openxmlformats.org/officeDocument/2006/relationships/customXml
[DEBUG] 2024-09-26 23:57:59.374 [main] POIXMLFactory - using default POIXMLDocumentPart for http://schemas.openxmlformats.org/officeDocument/2006/relationships/customXml
[DEBUG] 2024-09-26 23:57:59.375 [main] POIXMLFactory - using default POIXMLDocumentPart for http://schemas.openxmlformats.org/officeDocument/2006/relationships/customXml
[DEBUG] 2024-09-26 23:57:59.377 [main] POIXMLFactory - using default POIXMLDocumentPart for http://schemas.openxmlformats.org/officeDocument/2006/relationships/printerSettings
[DEBUG] 2024-09-26 23:57:59.377 [main] POIXMLFactory - using default POIXMLDocumentPart for http://schemas.openxmlformats.org/officeDocument/2006/relationships/customXmlProps
[DEBUG] 2024-09-26 23:57:59.378 [main] POIXMLFactory - using default POIXMLDocumentPart for http://schemas.openxmlformats.org/officeDocument/2006/relationships/customXmlProps
[DEBUG] 2024-09-26 23:57:59.378 [main] POIXMLFactory - using default POIXMLDocumentPart for http://schemas.openxmlformats.org/officeDocument/2006/relationships/customXmlProps
[TRACE] 2024-09-26 23:57:59.391 [main] XBeanDebug - Resolving type for handle workbookec17doctype
[TRACE] 2024-09-26 23:57:59.400 [main] XBeanDebug - Resolving type for handle ctworkbook83c3type
[TRACE] 2024-09-26 23:57:59.416 [main] XBeanDebug - Resolving type for handle ctsheets49fdtype
[TRACE] 2024-09-26 23:57:59.422 [main] XBeanDebug - Resolving type for handle ctsheet4dbetype
[TRACE] 2024-09-26 23:57:59.427 [main] XBeanDebug - Resolving type for handle strelationshipid1e94type
[TRACE] 2024-09-26 23:57:59.432 [main] XBeanDebug - Resolving type for handle worksheetf539doctype
[TRACE] 2024-09-26 23:57:59.550 [main] XBeanDebug - Resolving type for handle ctworksheet530dtype
[TRACE] 2024-09-26 23:57:59.570 [main] XBeanDebug - Resolving type for handle ctcols627ctype
[TRACE] 2024-09-26 23:57:59.579 [main] XBeanDebug - Resolving type for handle ctcola95ftype
[TRACE] 2024-09-26 23:57:59.682 [main] XBeanDebug - Resolving type for handle ctsheetdata8408type
[TRACE] 2024-09-26 23:57:59.689 [main] XBeanDebug - Resolving type for handle ctrowdd39type
[TRACE] 2024-09-26 23:57:59.790 [main] XBeanDebug - Resolving type for handle ctcell842btype
[TRACE] 2024-09-26 23:57:59.805 [main] XBeanDebug - Resolving type for handle stcellrefe4e0type
[TRACE] 2024-09-26 23:57:59.818 [main] XBeanDebug - Resolving type for handle cthyperlinks6416type
[TRACE] 2024-09-26 23:57:59.887 [main] XBeanDebug - Resolving type for handle cthyperlink0c85type
[TRACE] 2024-09-26 23:57:59.917 [main] XBeanDebug - Resolving type for handle stxstringf179type
[DEBUG] 2024-09-26 23:57:59.980 [main] PackageRelationshipCollection - Parsing relationship: /customXml/_rels/item1.xml.rels
[DEBUG] 2024-09-26 23:58:00.022 [main] PackageRelationshipCollection - Parsing relationship: /customXml/_rels/item2.xml.rels
[DEBUG] 2024-09-26 23:58:00.023 [main] PackageRelationshipCollection - Parsing relationship: /customXml/_rels/item3.xml.rels
[DEBUG] 2024-09-26 23:58:00.029 [main] PackageRelationshipCollection - Parsing relationship: /xl/_rels/workbook.xml.rels
[DEBUG] 2024-09-26 23:58:00.031 [main] PackageRelationshipCollection - Parsing relationship: /xl/worksheets/_rels/sheet1.xml.rels
[DEBUG] 2024-09-26 23:58:00.033 [main] PackageRelationshipCollection - Parsing relationship: /_rels/.rels
[DEBUG] 2024-09-26 23:58:00.112 [main] POIXMLFactory - using default POIXMLDocumentPart for http://schemas.openxmlformats.org/officeDocument/2006/relationships/customXml
[DEBUG] 2024-09-26 23:58:00.113 [main] POIXMLFactory - using default POIXMLDocumentPart for http://schemas.openxmlformats.org/officeDocument/2006/relationships/customXml
[DEBUG] 2024-09-26 23:58:00.113 [main] POIXMLFactory - using default POIXMLDocumentPart for http://schemas.openxmlformats.org/officeDocument/2006/relationships/customXml
[DEBUG] 2024-09-26 23:58:00.114 [main] POIXMLFactory - using default POIXMLDocumentPart for http://schemas.openxmlformats.org/officeDocument/2006/relationships/printerSettings
[DEBUG] 2024-09-26 23:58:00.116 [main] POIXMLFactory - using default POIXMLDocumentPart for http://schemas.openxmlformats.org/officeDocument/2006/relationships/customXmlProps
[DEBUG] 2024-09-26 23:58:00.116 [main] POIXMLFactory - using default POIXMLDocumentPart for http://schemas.openxmlformats.org/officeDocument/2006/relationships/customXmlProps
[DEBUG] 2024-09-26 23:58:00.117 [main] POIXMLFactory - using default POIXMLDocumentPart for http://schemas.openxmlformats.org/officeDocument/2006/relationships/customXmlProps
[DEBUG] 2024-09-26 23:58:00.226 [main] PackageRelationshipCollection - Parsing relationship: /customXml/_rels/item1.xml.rels
[DEBUG] 2024-09-26 23:58:00.227 [main] PackageRelationshipCollection - Parsing relationship: /customXml/_rels/item2.xml.rels
[DEBUG] 2024-09-26 23:58:00.229 [main] PackageRelationshipCollection - Parsing relationship: /customXml/_rels/item3.xml.rels
[DEBUG] 2024-09-26 23:58:00.241 [main] PackageRelationshipCollection - Parsing relationship: /xl/_rels/workbook.xml.rels
[DEBUG] 2024-09-26 23:58:00.247 [main] PackageRelationshipCollection - Parsing relationship: /xl/worksheets/_rels/sheet1.xml.rels
[DEBUG] 2024-09-26 23:58:00.251 [main] PackageRelationshipCollection - Parsing relationship: /_rels/.rels
[DEBUG] 2024-09-26 23:58:00.372 [main] POIXMLFactory - using default POIXMLDocumentPart for http://schemas.openxmlformats.org/officeDocument/2006/relationships/customXml
[DEBUG] 2024-09-26 23:58:00.373 [main] POIXMLFactory - using default POIXMLDocumentPart for http://schemas.openxmlformats.org/officeDocument/2006/relationships/customXml
[DEBUG] 2024-09-26 23:58:00.373 [main] POIXMLFactory - using default POIXMLDocumentPart for http://schemas.openxmlformats.org/officeDocument/2006/relationships/customXml
[DEBUG] 2024-09-26 23:58:00.374 [main] POIXMLFactory - using default POIXMLDocumentPart for http://schemas.openxmlformats.org/officeDocument/2006/relationships/printerSettings
[DEBUG] 2024-09-26 23:58:00.374 [main] POIXMLFactory - using default POIXMLDocumentPart for http://schemas.openxmlformats.org/officeDocument/2006/relationships/customXmlProps
[DEBUG] 2024-09-26 23:58:00.374 [main] POIXMLFactory - using default POIXMLDocumentPart for http://schemas.openxmlformats.org/officeDocument/2006/relationships/customXmlProps
[DEBUG] 2024-09-26 23:58:00.376 [main] POIXMLFactory - using default POIXMLDocumentPart for http://schemas.openxmlformats.org/officeDocument/2006/relationships/customXmlProps
[TRACE] 2024-09-26 23:58:00.395 [main] XBeanDebug - Resolving type for handle stcelltypebf95type
[DEBUG] 2024-09-26 23:58:00.499 [main] PackageRelationshipCollection - Parsing relationship: /customXml/_rels/item1.xml.rels
[DEBUG] 2024-09-26 23:58:00.503 [main] PackageRelationshipCollection - Parsing relationship: /customXml/_rels/item2.xml.rels
[DEBUG] 2024-09-26 23:58:00.506 [main] PackageRelationshipCollection - Parsing relationship: /customXml/_rels/item3.xml.rels
[DEBUG] 2024-09-26 23:58:00.512 [main] PackageRelationshipCollection - Parsing relationship: /xl/_rels/workbook.xml.rels
[DEBUG] 2024-09-26 23:58:00.513 [main] PackageRelationshipCollection - Parsing relationship: /xl/worksheets/_rels/sheet1.xml.rels
[DEBUG] 2024-09-26 23:58:00.515 [main] PackageRelationshipCollection - Parsing relationship: /_rels/.rels
[DEBUG] 2024-09-26 23:58:00.613 [main] POIXMLFactory - using default POIXMLDocumentPart for http://schemas.openxmlformats.org/officeDocument/2006/relationships/customXml
[DEBUG] 2024-09-26 23:58:00.627 [main] POIXMLFactory - using default POIXMLDocumentPart for http://schemas.openxmlformats.org/officeDocument/2006/relationships/customXml
[DEBUG] 2024-09-26 23:58:00.628 [main] POIXMLFactory - using default POIXMLDocumentPart for http://schemas.openxmlformats.org/officeDocument/2006/relationships/customXml
[DEBUG] 2024-09-26 23:58:00.628 [main] POIXMLFactory - using default POIXMLDocumentPart for http://schemas.openxmlformats.org/officeDocument/2006/relationships/printerSettings
[DEBUG] 2024-09-26 23:58:00.628 [main] POIXMLFactory - using default POIXMLDocumentPart for http://schemas.openxmlformats.org/officeDocument/2006/relationships/customXmlProps
[DEBUG] 2024-09-26 23:58:00.629 [main] POIXMLFactory - using default POIXMLDocumentPart for http://schemas.openxmlformats.org/officeDocument/2006/relationships/customXmlProps
[DEBUG] 2024-09-26 23:58:00.629 [main] POIXMLFactory - using default POIXMLDocumentPart for http://schemas.openxmlformats.org/officeDocument/2006/relationships/customXmlProps
[DEBUG] 2024-09-26 23:58:00.694 [main] PackageRelationshipCollection - Parsing relationship: /customXml/_rels/item1.xml.rels
[DEBUG] 2024-09-26 23:58:00.696 [main] PackageRelationshipCollection - Parsing relationship: /customXml/_rels/item2.xml.rels
[DEBUG] 2024-09-26 23:58:00.697 [main] PackageRelationshipCollection - Parsing relationship: /customXml/_rels/item3.xml.rels
[DEBUG] 2024-09-26 23:58:00.722 [main] PackageRelationshipCollection - Parsing relationship: /xl/_rels/workbook.xml.rels
[DEBUG] 2024-09-26 23:58:00.724 [main] PackageRelationshipCollection - Parsing relationship: /xl/worksheets/_rels/sheet1.xml.rels
[DEBUG] 2024-09-26 23:58:00.726 [main] PackageRelationshipCollection - Parsing relationship: /_rels/.rels
[DEBUG] 2024-09-26 23:58:00.782 [main] POIXMLFactory - using default POIXMLDocumentPart for http://schemas.openxmlformats.org/officeDocument/2006/relationships/customXml
[DEBUG] 2024-09-26 23:58:00.784 [main] POIXMLFactory - using default POIXMLDocumentPart for http://schemas.openxmlformats.org/officeDocument/2006/relationships/customXml
[DEBUG] 2024-09-26 23:58:00.786 [main] POIXMLFactory - using default POIXMLDocumentPart for http://schemas.openxmlformats.org/officeDocument/2006/relationships/customXml
[DEBUG] 2024-09-26 23:58:00.787 [main] POIXMLFactory - using default POIXMLDocumentPart for http://schemas.openxmlformats.org/officeDocument/2006/relationships/printerSettings
[DEBUG] 2024-09-26 23:58:00.789 [main] POIXMLFactory - using default POIXMLDocumentPart for http://schemas.openxmlformats.org/officeDocument/2006/relationships/customXmlProps
[DEBUG] 2024-09-26 23:58:00.789 [main] POIXMLFactory - using default POIXMLDocumentPart for http://schemas.openxmlformats.org/officeDocument/2006/relationships/customXmlProps
[DEBUG] 2024-09-26 23:58:00.789 [main] POIXMLFactory - using default POIXMLDocumentPart for http://schemas.openxmlformats.org/officeDocument/2006/relationships/customXmlProps
[DEBUG] 2024-09-26 23:58:00.841 [main] PackageRelationshipCollection - Parsing relationship: /customXml/_rels/item1.xml.rels
[DEBUG] 2024-09-26 23:58:00.842 [main] PackageRelationshipCollection - Parsing relationship: /customXml/_rels/item2.xml.rels
[DEBUG] 2024-09-26 23:58:00.876 [main] PackageRelationshipCollection - Parsing relationship: /customXml/_rels/item3.xml.rels
[DEBUG] 2024-09-26 23:58:00.881 [main] PackageRelationshipCollection - Parsing relationship: /xl/_rels/workbook.xml.rels
[DEBUG] 2024-09-26 23:58:00.884 [main] PackageRelationshipCollection - Parsing relationship: /xl/worksheets/_rels/sheet1.xml.rels
[DEBUG] 2024-09-26 23:58:00.888 [main] PackageRelationshipCollection - Parsing relationship: /_rels/.rels
[DEBUG] 2024-09-26 23:58:00.909 [main] POIXMLFactory - using default POIXMLDocumentPart for http://schemas.openxmlformats.org/officeDocument/2006/relationships/customXml
[DEBUG] 2024-09-26 23:58:00.909 [main] POIXMLFactory - using default POIXMLDocumentPart for http://schemas.openxmlformats.org/officeDocument/2006/relationships/customXml
[DEBUG] 2024-09-26 23:58:00.913 [main] POIXMLFactory - using default POIXMLDocumentPart for http://schemas.openxmlformats.org/officeDocument/2006/relationships/customXml
[DEBUG] 2024-09-26 23:58:00.913 [main] POIXMLFactory - using default POIXMLDocumentPart for http://schemas.openxmlformats.org/officeDocument/2006/relationships/printerSettings
[DEBUG] 2024-09-26 23:58:00.914 [main] POIXMLFactory - using default POIXMLDocumentPart for http://schemas.openxmlformats.org/officeDocument/2006/relationships/customXmlProps
[DEBUG] 2024-09-26 23:58:00.914 [main] POIXMLFactory - using default POIXMLDocumentPart for http://schemas.openxmlformats.org/officeDocument/2006/relationships/customXmlProps
[DEBUG] 2024-09-26 23:58:00.915 [main] POIXMLFactory - using default POIXMLDocumentPart for http://schemas.openxmlformats.org/officeDocument/2006/relationships/customXmlProps
[DEBUG] 2024-09-26 23:58:00.979 [main] PackageRelationshipCollection - Parsing relationship: /customXml/_rels/item1.xml.rels
[DEBUG] 2024-09-26 23:58:00.981 [main] PackageRelationshipCollection - Parsing relationship: /customXml/_rels/item2.xml.rels
[DEBUG] 2024-09-26 23:58:00.987 [main] PackageRelationshipCollection - Parsing relationship: /customXml/_rels/item3.xml.rels
[DEBUG] 2024-09-26 23:58:00.993 [main] PackageRelationshipCollection - Parsing relationship: /xl/_rels/workbook.xml.rels
[DEBUG] 2024-09-26 23:58:00.994 [main] PackageRelationshipCollection - Parsing relationship: /xl/worksheets/_rels/sheet1.xml.rels
[DEBUG] 2024-09-26 23:58:00.996 [main] PackageRelationshipCollection - Parsing relationship: /_rels/.rels
[DEBUG] 2024-09-26 23:58:01.044 [main] POIXMLFactory - using default POIXMLDocumentPart for http://schemas.openxmlformats.org/officeDocument/2006/relationships/customXml
[DEBUG] 2024-09-26 23:58:01.044 [main] POIXMLFactory - using default POIXMLDocumentPart for http://schemas.openxmlformats.org/officeDocument/2006/relationships/customXml
[DEBUG] 2024-09-26 23:58:01.045 [main] POIXMLFactory - using default POIXMLDocumentPart for http://schemas.openxmlformats.org/officeDocument/2006/relationships/customXml
[DEBUG] 2024-09-26 23:58:01.046 [main] POIXMLFactory - using default POIXMLDocumentPart for http://schemas.openxmlformats.org/officeDocument/2006/relationships/printerSettings
[DEBUG] 2024-09-26 23:58:01.046 [main] POIXMLFactory - using default POIXMLDocumentPart for http://schemas.openxmlformats.org/officeDocument/2006/relationships/customXmlProps
[DEBUG] 2024-09-26 23:58:01.047 [main] POIXMLFactory - using default POIXMLDocumentPart for http://schemas.openxmlformats.org/officeDocument/2006/relationships/customXmlProps
[DEBUG] 2024-09-26 23:58:01.047 [main] POIXMLFactory - using default POIXMLDocumentPart for http://schemas.openxmlformats.org/officeDocument/2006/relationships/customXmlProps
[DEBUG] 2024-09-26 23:58:01.132 [main] PackageRelationshipCollection - Parsing relationship: /customXml/_rels/item1.xml.rels
[DEBUG] 2024-09-26 23:58:01.136 [main] PackageRelationshipCollection - Parsing relationship: /customXml/_rels/item2.xml.rels
[DEBUG] 2024-09-26 23:58:01.138 [main] PackageRelationshipCollection - Parsing relationship: /customXml/_rels/item3.xml.rels
[DEBUG] 2024-09-26 23:58:01.150 [main] PackageRelationshipCollection - Parsing relationship: /xl/_rels/workbook.xml.rels
[DEBUG] 2024-09-26 23:58:01.155 [main] PackageRelationshipCollection - Parsing relationship: /xl/worksheets/_rels/sheet1.xml.rels
[DEBUG] 2024-09-26 23:58:01.158 [main] PackageRelationshipCollection - Parsing relationship: /_rels/.rels
[DEBUG] 2024-09-26 23:58:01.181 [main] POIXMLFactory - using default POIXMLDocumentPart for http://schemas.openxmlformats.org/officeDocument/2006/relationships/customXml
[DEBUG] 2024-09-26 23:58:01.181 [main] POIXMLFactory - using default POIXMLDocumentPart for http://schemas.openxmlformats.org/officeDocument/2006/relationships/customXml
[DEBUG] 2024-09-26 23:58:01.183 [main] POIXMLFactory - using default POIXMLDocumentPart for http://schemas.openxmlformats.org/officeDocument/2006/relationships/customXml
[DEBUG] 2024-09-26 23:58:01.183 [main] POIXMLFactory - using default POIXMLDocumentPart for http://schemas.openxmlformats.org/officeDocument/2006/relationships/printerSettings
[DEBUG] 2024-09-26 23:58:01.183 [main] POIXMLFactory - using default POIXMLDocumentPart for http://schemas.openxmlformats.org/officeDocument/2006/relationships/customXmlProps
[DEBUG] 2024-09-26 23:58:01.187 [main] POIXMLFactory - using default POIXMLDocumentPart for http://schemas.openxmlformats.org/officeDocument/2006/relationships/customXmlProps
[DEBUG] 2024-09-26 23:58:01.189 [main] POIXMLFactory - using default POIXMLDocumentPart for http://schemas.openxmlformats.org/officeDocument/2006/relationships/customXmlProps
[INFO ] 2024-09-26 23:58:03.192 [main] MyStoreV01 - click on sign in link
[INFO ] 2024-09-26 23:58:03.192 [main] MyStoreV01 - click on sign in link
[INFO ] 2024-09-26 23:58:04.187 [main] MyStoreV01 - Enter username & password
[INFO ] 2024-09-26 23:58:04.187 [main] MyStoreV01 - Enter username & password
[INFO ] 2024-09-26 23:58:06.644 [main] MyStoreV01 - VerifyLogin:- Passed
[INFO ] 2024-09-26 23:58:06.644 [main] MyStoreV01 - VerifyLogin:- Passed
[INFO ] 2024-09-26 23:58:09.095 [main] MyStoreV01 - click on sign in link
[INFO ] 2024-09-26 23:58:09.095 [main] MyStoreV01 - click on sign in link
[INFO ] 2024-09-26 23:58:09.732 [main] MyStoreV01 - Enter username & password
[INFO ] 2024-09-26 23:58:09.732 [main] MyStoreV01 - Enter username & password
[INFO ] 2024-09-26 23:58:11.192 [main] MyStoreV01 - Verify Login:- Failed
[INFO ] 2024-09-26 23:58:11.192 [main] MyStoreV01 - Verify Login:- Failed
[INFO ] 2024-09-27 00:15:27.811 [main] MyStoreV01 - url opened
[INFO ] 2024-09-27 00:15:27.811 [main] MyStoreV01 - url opened
[INFO ] 2024-09-27 00:15:29.610 [main] MyStoreV01 - click on sign in link
[INFO ] 2024-09-27 00:15:29.610 [main] MyStoreV01 - click on sign in link
[INFO ] 2024-09-27 00:15:30.122 [main] MyStoreV01 - Enter username & password
[INFO ] 2024-09-27 00:15:30.122 [main] MyStoreV01 - Enter username & password
[INFO ] 2024-09-27 00:15:31.659 [main] MyStoreV01 - VerifyLogin:- Passed
[INFO ] 2024-09-27 00:15:31.659 [main] MyStoreV01 - VerifyLogin:- Passed
[INFO ] 2024-09-27 00:15:34.242 [main] MyStoreV01 - click on sign in link
[INFO ] 2024-09-27 00:15:34.242 [main] MyStoreV01 - click on sign in link
[INFO ] 2024-09-27 00:15:34.721 [main] MyStoreV01 - Enter username & password
[INFO ] 2024-09-27 00:15:34.721 [main] MyStoreV01 - Enter username & password
[INFO ] 2024-09-27 00:15:37.788 [main] MyStoreV01 - VerifySignOut - Passed
[INFO ] 2024-09-27 00:15:37.788 [main] MyStoreV01 - VerifySignOut - Passed
[INFO ] 2024-09-27 00:15:54.566 [main] MyStoreV01 - url opened
[INFO ] 2024-09-27 00:15:54.566 [main] MyStoreV01 - url opened
[INFO ] 2024-09-27 00:15:55.897 [main] MyStoreV01 - click on sign in link
[INFO ] 2024-09-27 00:15:55.897 [main] MyStoreV01 - click on sign in link
[INFO ] 2024-09-27 00:15:56.477 [main] MyStoreV01 - Enter username & password
[INFO ] 2024-09-27 00:15:56.477 [main] MyStoreV01 - Enter username & password
[INFO ] 2024-09-27 00:15:57.814 [main] MyStoreV01 - login is Successful
[INFO ] 2024-09-27 00:15:57.814 [main] MyStoreV01 - login is Successful
[INFO ] 2024-09-27 00:15:59.586 [main] MyStoreV01 - Product is showed in page
[INFO ] 2024-09-27 00:15:59.586 [main] MyStoreV01 - Product is showed in page
[INFO ] 2024-09-27 00:16:03.389 [main] MyStoreV01 - Product color choosen
[INFO ] 2024-09-27 00:16:03.389 [main] MyStoreV01 - Product color choosen
[INFO ] 2024-09-27 00:16:06.530 [main] MyStoreV01 - Product'S quantity is increased
[INFO ] 2024-09-27 00:16:06.530 [main] MyStoreV01 - Product'S quantity is increased
[INFO ] 2024-09-27 00:16:07.003 [main] MyStoreV01 - Product'S size is selected
[INFO ] 2024-09-27 00:16:07.003 [main] MyStoreV01 - Product'S size is selected
[INFO ] 2024-09-27 00:16:07.199 [main] MyStoreV01 - Product added to cart
[INFO ] 2024-09-27 00:16:07.199 [main] MyStoreV01 - Product added to cart
[INFO ] 2024-09-27 00:16:11.055 [main] MyStoreV01 - CheckOut...
[INFO ] 2024-09-27 00:16:11.055 [main] MyStoreV01 - CheckOut...
[INFO ] 2024-09-27 00:16:13.744 [main] MyStoreV01 - Ready for shipping ...
[INFO ] 2024-09-27 00:16:13.744 [main] MyStoreV01 - Ready for shipping ...
[INFO ] 2024-09-27 00:16:20.057 [main] MyStoreV01 - payment completed
[INFO ] 2024-09-27 00:16:20.057 [main] MyStoreV01 - payment completed
[INFO ] 2024-09-27 00:16:20.133 [main] MyStoreV01 - Passed
[INFO ] 2024-09-27 00:16:20.133 [main] MyStoreV01 - Passed
[INFO ] 2024-09-27 00:16:23.149 [main] MyStoreV01 - click on sign in link
[INFO ] 2024-09-27 00:16:23.149 [main] MyStoreV01 - click on sign in link
[INFO ] 2024-09-27 00:16:23.608 [main] MyStoreV01 - Enter username & password
[INFO ] 2024-09-27 00:16:23.608 [main] MyStoreV01 - Enter username & password
[INFO ] 2024-09-27 00:16:24.663 [main] MyStoreV01 - login is Successful
[INFO ] 2024-09-27 00:16:24.663 [main] MyStoreV01 - login is Successful
[INFO ] 2024-09-27 00:16:25.978 [main] MyStoreV01 - Product is showed in page
[INFO ] 2024-09-27 00:16:25.978 [main] MyStoreV01 - Product is showed in page
[INFO ] 2024-09-27 00:16:26.022 [main] MyStoreV01 - Search Product testcase - Passed
[INFO ] 2024-09-27 00:16:26.022 [main] MyStoreV01 - Search Product testcase - Passed
[INFO ] 2024-09-27 00:16:27.490 [main] MyStoreV01 - search test case end
[INFO ] 2024-09-27 00:16:27.490 [main] MyStoreV01 - search test case end
[INFO ] 2024-09-27 11:36:01.981 [main] MyStoreV01 - url opened
[INFO ] 2024-09-27 11:36:01.981 [main] MyStoreV01 - url opened
[INFO ] 2024-09-27 11:36:03.126 [main] MyStoreV01 - click on sign in link
[INFO ] 2024-09-27 11:36:03.126 [main] MyStoreV01 - click on sign in link
[INFO ] 2024-09-27 11:36:03.463 [main] MyStoreV01 - Enter username & password
[INFO ] 2024-09-27 11:36:03.463 [main] MyStoreV01 - Enter username & password
[INFO ] 2024-09-27 11:36:04.761 [main] MyStoreV01 - VerifyLogin:- Passed
[INFO ] 2024-09-27 11:36:04.761 [main] MyStoreV01 - VerifyLogin:- Passed
[INFO ] 2024-09-27 11:36:06.986 [main] MyStoreV01 - click on sign in link
[INFO ] 2024-09-27 11:36:06.986 [main] MyStoreV01 - click on sign in link
[INFO ] 2024-09-27 11:36:07.254 [main] MyStoreV01 - Enter username & password
[INFO ] 2024-09-27 11:36:07.254 [main] MyStoreV01 - Enter username & password
[INFO ] 2024-09-27 11:36:09.078 [main] MyStoreV01 - VerifySignOut - Passed
[INFO ] 2024-09-27 11:36:09.078 [main] MyStoreV01 - VerifySignOut - Passed
[INFO ] 2024-09-27 11:36:20.800 [main] MyStoreV01 - url opened
[INFO ] 2024-09-27 11:36:20.800 [main] MyStoreV01 - url opened
[INFO ] 2024-09-27 11:36:22.247 [main] MyStoreV01 - click on sign in link
[INFO ] 2024-09-27 11:36:22.247 [main] MyStoreV01 - click on sign in link
[INFO ] 2024-09-27 11:36:22.553 [main] MyStoreV01 - Enter username & password
[INFO ] 2024-09-27 11:36:22.553 [main] MyStoreV01 - Enter username & password
[INFO ] 2024-09-27 11:36:23.570 [main] MyStoreV01 - login is Successful
[INFO ] 2024-09-27 11:36:23.570 [main] MyStoreV01 - login is Successful
[INFO ] 2024-09-27 11:36:24.854 [main] MyStoreV01 - Product is showed in page
[INFO ] 2024-09-27 11:36:24.854 [main] MyStoreV01 - Product is showed in page
[INFO ] 2024-09-27 11:36:28.405 [main] MyStoreV01 - Product color choosen
[INFO ] 2024-09-27 11:36:28.405 [main] MyStoreV01 - Product color choosen
[INFO ] 2024-09-27 11:36:31.525 [main] MyStoreV01 - Product'S quantity is increased
[INFO ] 2024-09-27 11:36:31.525 [main] MyStoreV01 - Product'S quantity is increased
[INFO ] 2024-09-27 11:36:31.738 [main] MyStoreV01 - Product'S size is selected
[INFO ] 2024-09-27 11:36:31.738 [main] MyStoreV01 - Product'S size is selected
[INFO ] 2024-09-27 11:36:31.828 [main] MyStoreV01 - Product added to cart
[INFO ] 2024-09-27 11:36:31.828 [main] MyStoreV01 - Product added to cart
[INFO ] 2024-09-27 11:36:34.029 [main] MyStoreV01 - CheckOut...
[INFO ] 2024-09-27 11:36:34.029 [main] MyStoreV01 - CheckOut...
[INFO ] 2024-09-27 11:36:35.318 [main] MyStoreV01 - Ready for shipping ...
[INFO ] 2024-09-27 11:36:35.318 [main] MyStoreV01 - Ready for shipping ...
[INFO ] 2024-09-27 11:36:42.387 [main] MyStoreV01 - payment completed
[INFO ] 2024-09-27 11:36:42.387 [main] MyStoreV01 - payment completed
[INFO ] 2024-09-27 11:36:42.427 [main] MyStoreV01 - Passed
[INFO ] 2024-09-27 11:36:42.427 [main] MyStoreV01 - Passed
[INFO ] 2024-09-27 11:36:44.407 [main] MyStoreV01 - click on sign in link
[INFO ] 2024-09-27 11:36:44.407 [main] MyStoreV01 - click on sign in link
[INFO ] 2024-09-27 11:36:44.682 [main] MyStoreV01 - Enter username & password
[INFO ] 2024-09-27 11:36:44.682 [main] MyStoreV01 - Enter username & password
[INFO ] 2024-09-27 11:36:45.447 [main] MyStoreV01 - login is Successful
[INFO ] 2024-09-27 11:36:45.447 [main] MyStoreV01 - login is Successful
[INFO ] 2024-09-27 11:36:46.193 [main] MyStoreV01 - Product is showed in page
[INFO ] 2024-09-27 11:36:46.193 [main] MyStoreV01 - Product is showed in page
[INFO ] 2024-09-27 11:36:46.229 [main] MyStoreV01 - Search Product testcase - Passed
[INFO ] 2024-09-27 11:36:46.229 [main] MyStoreV01 - Search Product testcase - Passed
[INFO ] 2024-09-27 11:36:47.067 [main] MyStoreV01 - search test case end
[INFO ] 2024-09-27 11:36:47.067 [main] MyStoreV01 - search test case end
[INFO ] 2024-09-27 15:53:13.194 [main] MyStoreV01 - url opened
[INFO ] 2024-09-27 15:53:13.194 [main] MyStoreV01 - url opened
[INFO ] 2024-09-27 15:56:13.425 [main] MyStoreV01 - url opened
[INFO ] 2024-09-27 15:56:13.425 [main] MyStoreV01 - url opened
[INFO ] 2024-09-27 15:59:10.432 [main] MyStoreV01 - url opened
[INFO ] 2024-09-27 15:59:10.432 [main] MyStoreV01 - url opened
[INFO ] 2024-09-27 15:59:10.463 [main] MyStoreV01 - TestCase addtoWishList has been started
[INFO ] 2024-09-27 15:59:10.463 [main] MyStoreV01 - TestCase addtoWishList has been started
[INFO ] 2024-09-27 15:59:12.704 [main] MyStoreV01 - ....mouseOver
[INFO ] 2024-09-27 15:59:12.704 [main] MyStoreV01 - ....mouseOver
[INFO ] 2024-09-27 17:19:14.588 [main] MyStoreV01 - url opened
[INFO ] 2024-09-27 17:19:14.588 [main] MyStoreV01 - url opened
[INFO ] 2024-09-27 17:19:20.509 [main] MyStoreV01 - click on sign in link
[INFO ] 2024-09-27 17:19:20.509 [main] MyStoreV01 - click on sign in link
[INFO ] 2024-09-27 17:19:20.892 [main] MyStoreV01 - Enter username & password
[INFO ] 2024-09-27 17:19:20.892 [main] MyStoreV01 - Enter username & password
[INFO ] 2024-09-27 17:19:22.847 [main] MyStoreV01 - VerifyLogin:- Passed
[INFO ] 2024-09-27 17:19:22.847 [main] MyStoreV01 - VerifyLogin:- Passed
[INFO ] 2024-09-27 17:19:28.197 [main] MyStoreV01 - click on sign in link
[INFO ] 2024-09-27 17:19:28.197 [main] MyStoreV01 - click on sign in link
[INFO ] 2024-09-27 17:19:28.499 [main] MyStoreV01 - Enter username & password
[INFO ] 2024-09-27 17:19:28.499 [main] MyStoreV01 - Enter username & password
[INFO ] 2024-09-27 17:19:31.642 [main] MyStoreV01 - VerifySignOut - Passed
[INFO ] 2024-09-27 17:19:31.642 [main] MyStoreV01 - VerifySignOut - Passed
[INFO ] 2024-09-27 17:19:42.754 [main] MyStoreV01 - url opened
[INFO ] 2024-09-27 17:19:42.754 [main] MyStoreV01 - url opened
[INFO ] 2024-09-27 17:19:58.714 [main] MyStoreV01 - click on sign in link
[INFO ] 2024-09-27 17:19:58.714 [main] MyStoreV01 - click on sign in link
[INFO ] 2024-09-27 17:19:59.225 [main] MyStoreV01 - Enter username & password
[INFO ] 2024-09-27 17:19:59.225 [main] MyStoreV01 - Enter username & password
[INFO ] 2024-09-27 17:20:02.216 [main] MyStoreV01 - login is Successful
[INFO ] 2024-09-27 17:20:02.216 [main] MyStoreV01 - login is Successful
[INFO ] 2024-09-27 17:20:05.238 [main] MyStoreV01 - Product is showed in page
[INFO ] 2024-09-27 17:20:05.238 [main] MyStoreV01 - Product is showed in page
[INFO ] 2024-09-27 17:20:35.358 [main] MyStoreV01 - TestCase addtoWishList has been started
[INFO ] 2024-09-27 17:20:35.358 [main] MyStoreV01 - TestCase addtoWishList has been started
[INFO ] 2024-09-27 17:20:41.192 [main] MyStoreV01 - ....mouseOver
[INFO ] 2024-09-27 17:20:41.192 [main] MyStoreV01 - ....mouseOver
[INFO ] 2024-09-27 17:22:34.662 [main] MyStoreV01 - url opened
[INFO ] 2024-09-27 17:22:34.662 [main] MyStoreV01 - url opened
[INFO ] 2024-09-27 17:22:37.063 [main] MyStoreV01 - click on sign in link
[INFO ] 2024-09-27 17:22:37.063 [main] MyStoreV01 - click on sign in link
[INFO ] 2024-09-27 17:22:37.405 [main] MyStoreV01 - Enter username & password
[INFO ] 2024-09-27 17:22:37.405 [main] MyStoreV01 - Enter username & password
[INFO ] 2024-09-27 17:22:40.016 [main] MyStoreV01 - VerifyLogin:- Passed
[INFO ] 2024-09-27 17:22:40.016 [main] MyStoreV01 - VerifyLogin:- Passed
[INFO ] 2024-09-27 17:22:46.014 [main] MyStoreV01 - click on sign in link
[INFO ] 2024-09-27 17:22:46.014 [main] MyStoreV01 - click on sign in link
[INFO ] 2024-09-27 17:22:46.183 [main] MyStoreV01 - Enter username & password
[INFO ] 2024-09-27 17:22:46.183 [main] MyStoreV01 - Enter username & password
[INFO ] 2024-09-27 17:22:50.142 [main] MyStoreV01 - VerifySignOut - Passed
[INFO ] 2024-09-27 17:22:50.142 [main] MyStoreV01 - VerifySignOut - Passed
[INFO ] 2024-09-27 17:23:02.262 [main] MyStoreV01 - url opened
[INFO ] 2024-09-27 17:23:02.262 [main] MyStoreV01 - url opened
[INFO ] 2024-09-27 17:23:03.494 [main] MyStoreV01 - click on sign in link
[INFO ] 2024-09-27 17:23:03.494 [main] MyStoreV01 - click on sign in link
[INFO ] 2024-09-27 17:23:03.806 [main] MyStoreV01 - Enter username & password
[INFO ] 2024-09-27 17:23:03.806 [main] MyStoreV01 - Enter username & password
[INFO ] 2024-09-27 17:23:05.009 [main] MyStoreV01 - login is Successful
[INFO ] 2024-09-27 17:23:05.009 [main] MyStoreV01 - login is Successful
[INFO ] 2024-09-27 17:23:06.379 [main] MyStoreV01 - Product is showed in page
[INFO ] 2024-09-27 17:23:06.379 [main] MyStoreV01 - Product is showed in page
[INFO ] 2024-09-27 17:23:36.518 [main] MyStoreV01 - TestCase addtoWishList has been started
[INFO ] 2024-09-27 17:23:36.518 [main] MyStoreV01 - TestCase addtoWishList has been started
[INFO ] 2024-09-27 17:23:38.436 [main] MyStoreV01 - ....mouseOver
[INFO ] 2024-09-27 17:23:38.436 [main] MyStoreV01 - ....mouseOver
[INFO ] 2024-09-27 17:24:18.555 [main] MyStoreV01 - url opened
[INFO ] 2024-09-27 17:24:18.555 [main] MyStoreV01 - url opened
[INFO ] 2024-09-27 17:24:20.109 [main] MyStoreV01 - click on sign in link
[INFO ] 2024-09-27 17:24:20.109 [main] MyStoreV01 - click on sign in link
[INFO ] 2024-09-27 17:24:20.422 [main] MyStoreV01 - Enter username & password
[INFO ] 2024-09-27 17:24:20.422 [main] MyStoreV01 - Enter username & password
[INFO ] 2024-09-27 17:24:21.576 [main] MyStoreV01 - login is Successful
[INFO ] 2024-09-27 17:24:21.576 [main] MyStoreV01 - login is Successful
[INFO ] 2024-09-27 17:24:22.716 [main] MyStoreV01 - Product is showed in page
[INFO ] 2024-09-27 17:24:22.716 [main] MyStoreV01 - Product is showed in page
[INFO ] 2024-09-27 17:25:36.330 [main] MyStoreV01 - url opened
[INFO ] 2024-09-27 17:25:36.330 [main] MyStoreV01 - url opened
[INFO ] 2024-09-27 17:25:37.539 [main] MyStoreV01 - click on sign in link
[INFO ] 2024-09-27 17:25:37.539 [main] MyStoreV01 - click on sign in link
[INFO ] 2024-09-27 17:25:37.905 [main] MyStoreV01 - Enter username & password
[INFO ] 2024-09-27 17:25:37.905 [main] MyStoreV01 - Enter username & password
[INFO ] 2024-09-27 17:25:39.051 [main] MyStoreV01 - VerifyLogin:- Passed
[INFO ] 2024-09-27 17:25:39.051 [main] MyStoreV01 - VerifyLogin:- Passed
[INFO ] 2024-09-27 17:25:42.001 [main] MyStoreV01 - click on sign in link
[INFO ] 2024-09-27 17:25:42.001 [main] MyStoreV01 - click on sign in link
[INFO ] 2024-09-27 17:25:42.272 [main] MyStoreV01 - Enter username & password
[INFO ] 2024-09-27 17:25:42.272 [main] MyStoreV01 - Enter username & password
[INFO ] 2024-09-27 17:25:45.850 [main] MyStoreV01 - VerifySignOut - Passed
[INFO ] 2024-09-27 17:25:45.850 [main] MyStoreV01 - VerifySignOut - Passed
[INFO ] 2024-09-27 17:25:59.729 [main] MyStoreV01 - url opened
[INFO ] 2024-09-27 17:25:59.729 [main] MyStoreV01 - url opened
[INFO ] 2024-09-27 17:26:00.790 [main] MyStoreV01 - click on sign in link
[INFO ] 2024-09-27 17:26:00.790 [main] MyStoreV01 - click on sign in link
[INFO ] 2024-09-27 17:26:01.158 [main] MyStoreV01 - Enter username & password
[INFO ] 2024-09-27 17:26:01.158 [main] MyStoreV01 - Enter username & password
[INFO ] 2024-09-27 17:26:02.601 [main] MyStoreV01 - login is Successful
[INFO ] 2024-09-27 17:26:02.601 [main] MyStoreV01 - login is Successful
[INFO ] 2024-09-27 17:26:04.869 [main] MyStoreV01 - Product is showed in page
[INFO ] 2024-09-27 17:26:04.869 [main] MyStoreV01 - Product is showed in page
[INFO ] 2024-09-27 17:26:09.508 [main] MyStoreV01 - Product color choosen
[INFO ] 2024-09-27 17:26:09.508 [main] MyStoreV01 - Product color choosen
[INFO ] 2024-09-27 17:26:12.625 [main] MyStoreV01 - Product'S quantity is increased
[INFO ] 2024-09-27 17:26:12.625 [main] MyStoreV01 - Product'S quantity is increased
[INFO ] 2024-09-27 17:26:12.799 [main] MyStoreV01 - Product'S size is selected
[INFO ] 2024-09-27 17:26:12.799 [main] MyStoreV01 - Product'S size is selected
[INFO ] 2024-09-27 17:26:12.864 [main] MyStoreV01 - Product added to cart
[INFO ] 2024-09-27 17:26:12.864 [main] MyStoreV01 - Product added to cart
[INFO ] 2024-09-27 17:26:21.386 [main] MyStoreV01 - CheckOut...
[INFO ] 2024-09-27 17:26:21.386 [main] MyStoreV01 - CheckOut...
[INFO ] 2024-09-27 17:26:25.547 [main] MyStoreV01 - Ready for shipping ...
[INFO ] 2024-09-27 17:26:25.547 [main] MyStoreV01 - Ready for shipping ...
[INFO ] 2024-09-27 17:26:33.872 [main] MyStoreV01 - payment completed
[INFO ] 2024-09-27 17:26:33.872 [main] MyStoreV01 - payment completed
[INFO ] 2024-09-27 17:26:33.921 [main] MyStoreV01 - Passed
[INFO ] 2024-09-27 17:26:33.921 [main] MyStoreV01 - Passed
[INFO ] 2024-09-27 17:26:37.370 [main] MyStoreV01 - click on sign in link
[INFO ] 2024-09-27 17:26:37.370 [main] MyStoreV01 - click on sign in link
[INFO ] 2024-09-27 17:26:37.641 [main] MyStoreV01 - Enter username & password
[INFO ] 2024-09-27 17:26:37.641 [main] MyStoreV01 - Enter username & password
[INFO ] 2024-09-27 17:26:39.122 [main] MyStoreV01 - login is Successful
[INFO ] 2024-09-27 17:26:39.122 [main] MyStoreV01 - login is Successful
[INFO ] 2024-09-27 17:26:40.179 [main] MyStoreV01 - Product is showed in page
[INFO ] 2024-09-27 17:26:40.179 [main] MyStoreV01 - Product is showed in page
[INFO ] 2024-09-27 17:26:40.208 [main] MyStoreV01 - Search Product testcase - Passed
[INFO ] 2024-09-27 17:26:40.208 [main] MyStoreV01 - Search Product testcase - Passed
[INFO ] 2024-09-27 17:26:41.677 [main] MyStoreV01 - search test case end
[INFO ] 2024-09-27 17:26:41.677 [main] MyStoreV01 - search test case end
[INFO ] 2024-09-27 17:26:41.686 [main] MyStoreV01 - TestCase addtoWishList has been started
[INFO ] 2024-09-27 17:26:41.686 [main] MyStoreV01 - TestCase addtoWishList has been started
[INFO ] 2024-09-27 17:26:43.548 [main] MyStoreV01 - ....mouseOver
[INFO ] 2024-09-27 17:26:43.548 [main] MyStoreV01 - ....mouseOver
[INFO ] 2024-09-27 17:27:46.179 [main] MyStoreV01 - url opened
[INFO ] 2024-09-27 17:27:46.179 [main] MyStoreV01 - url opened
[INFO ] 2024-09-27 17:27:48.102 [main] MyStoreV01 - click on sign in link
[INFO ] 2024-09-27 17:27:48.102 [main] MyStoreV01 - click on sign in link
[INFO ] 2024-09-27 17:27:48.430 [main] MyStoreV01 - Enter username & password
[INFO ] 2024-09-27 17:27:48.430 [main] MyStoreV01 - Enter username & password
[INFO ] 2024-09-27 17:27:49.806 [main] MyStoreV01 - VerifyLogin:- Passed
[INFO ] 2024-09-27 17:27:49.806 [main] MyStoreV01 - VerifyLogin:- Passed
[INFO ] 2024-09-27 17:27:52.143 [main] MyStoreV01 - click on sign in link
[INFO ] 2024-09-27 17:27:52.143 [main] MyStoreV01 - click on sign in link
[INFO ] 2024-09-27 17:27:52.444 [main] MyStoreV01 - Enter username & password
[INFO ] 2024-09-27 17:27:52.444 [main] MyStoreV01 - Enter username & password
[INFO ] 2024-09-27 17:27:55.134 [main] MyStoreV01 - VerifySignOut - Passed
[INFO ] 2024-09-27 17:27:55.134 [main] MyStoreV01 - VerifySignOut - Passed
[INFO ] 2024-09-27 17:28:09.555 [main] MyStoreV01 - url opened
[INFO ] 2024-09-27 17:28:09.555 [main] MyStoreV01 - url opened
[INFO ] 2024-09-27 17:28:11.642 [main] MyStoreV01 - click on sign in link
[INFO ] 2024-09-27 17:28:11.642 [main] MyStoreV01 - click on sign in link
[INFO ] 2024-09-27 17:28:11.970 [main] MyStoreV01 - Enter username & password
[INFO ] 2024-09-27 17:28:11.970 [main] MyStoreV01 - Enter username & password
[INFO ] 2024-09-27 17:28:15.452 [main] MyStoreV01 - login is Successful
[INFO ] 2024-09-27 17:28:15.452 [main] MyStoreV01 - login is Successful
[INFO ] 2024-09-27 17:28:17.187 [main] MyStoreV01 - Product is showed in page
[INFO ] 2024-09-27 17:28:17.187 [main] MyStoreV01 - Product is showed in page
[INFO ] 2024-09-27 17:28:21.848 [main] MyStoreV01 - Product color choosen
[INFO ] 2024-09-27 17:28:21.848 [main] MyStoreV01 - Product color choosen
[INFO ] 2024-09-27 17:28:24.916 [main] MyStoreV01 - Product'S quantity is increased
[INFO ] 2024-09-27 17:28:24.916 [main] MyStoreV01 - Product'S quantity is increased
[INFO ] 2024-09-27 17:28:25.105 [main] MyStoreV01 - Product'S size is selected
[INFO ] 2024-09-27 17:28:25.105 [main] MyStoreV01 - Product'S size is selected
[INFO ] 2024-09-27 17:28:25.169 [main] MyStoreV01 - Product added to cart
[INFO ] 2024-09-27 17:28:25.169 [main] MyStoreV01 - Product added to cart
[INFO ] 2024-09-27 17:28:28.845 [main] MyStoreV01 - CheckOut...
[INFO ] 2024-09-27 17:28:28.845 [main] MyStoreV01 - CheckOut...
[INFO ] 2024-09-27 17:28:32.752 [main] MyStoreV01 - Ready for shipping ...
[INFO ] 2024-09-27 17:28:32.752 [main] MyStoreV01 - Ready for shipping ...
[INFO ] 2024-09-27 17:28:42.838 [main] MyStoreV01 - payment completed
[INFO ] 2024-09-27 17:28:42.838 [main] MyStoreV01 - payment completed
[INFO ] 2024-09-27 17:28:42.918 [main] MyStoreV01 - Passed
[INFO ] 2024-09-27 17:28:42.918 [main] MyStoreV01 - Passed
[INFO ] 2024-09-27 17:28:49.247 [main] MyStoreV01 - click on sign in link
[INFO ] 2024-09-27 17:28:49.247 [main] MyStoreV01 - click on sign in link
[INFO ] 2024-09-27 17:28:49.554 [main] MyStoreV01 - Enter username & password
[INFO ] 2024-09-27 17:28:49.554 [main] MyStoreV01 - Enter username & password
[INFO ] 2024-09-27 17:28:51.080 [main] MyStoreV01 - login is Successful
[INFO ] 2024-09-27 17:28:51.080 [main] MyStoreV01 - login is Successful
[INFO ] 2024-09-27 17:28:52.199 [main] MyStoreV01 - Product is showed in page
[INFO ] 2024-09-27 17:28:52.199 [main] MyStoreV01 - Product is showed in page
[INFO ] 2024-09-27 17:28:52.228 [main] MyStoreV01 - Search Product testcase - Passed
[INFO ] 2024-09-27 17:28:52.228 [main] MyStoreV01 - Search Product testcase - Passed
[INFO ] 2024-09-27 17:28:53.471 [main] MyStoreV01 - search test case end
[INFO ] 2024-09-27 17:28:53.471 [main] MyStoreV01 - search test case end
[INFO ] 2024-09-27 17:28:53.476 [main] MyStoreV01 - TestCase addtoWishList has been started
[INFO ] 2024-09-27 17:28:53.476 [main] MyStoreV01 - TestCase addtoWishList has been started
[INFO ] 2024-09-27 17:28:55.847 [main] MyStoreV01 - ....mouseOver
[INFO ] 2024-09-27 17:28:55.847 [main] MyStoreV01 - ....mouseOver
[INFO ] 2024-09-27 17:45:08.673 [main] MyStoreV01 - url opened
[INFO ] 2024-09-27 17:45:08.673 [main] MyStoreV01 - url opened
[INFO ] 2024-09-27 17:45:10.491 [main] MyStoreV01 - click on sign in link
[INFO ] 2024-09-27 17:45:10.491 [main] MyStoreV01 - click on sign in link
[INFO ] 2024-09-27 17:45:10.760 [main] MyStoreV01 - Enter username & password
[INFO ] 2024-09-27 17:45:10.760 [main] MyStoreV01 - Enter username & password
[INFO ] 2024-09-27 17:45:12.505 [main] MyStoreV01 - VerifyLogin:- Passed
[INFO ] 2024-09-27 17:45:12.505 [main] MyStoreV01 - VerifyLogin:- Passed
[INFO ] 2024-09-27 17:45:14.833 [main] MyStoreV01 - click on sign in link
[INFO ] 2024-09-27 17:45:14.833 [main] MyStoreV01 - click on sign in link
[INFO ] 2024-09-27 17:45:15.094 [main] MyStoreV01 - Enter username & password
[INFO ] 2024-09-27 17:45:15.094 [main] MyStoreV01 - Enter username & password
[INFO ] 2024-09-27 17:45:17.061 [main] MyStoreV01 - VerifySignOut - Passed
[INFO ] 2024-09-27 17:45:17.061 [main] MyStoreV01 - VerifySignOut - Passed
[INFO ] 2024-09-27 17:45:29.251 [main] MyStoreV01 - url opened
[INFO ] 2024-09-27 17:45:29.251 [main] MyStoreV01 - url opened
[INFO ] 2024-09-27 17:45:30.295 [main] MyStoreV01 - click on sign in link
[INFO ] 2024-09-27 17:45:30.295 [main] MyStoreV01 - click on sign in link
[INFO ] 2024-09-27 17:45:30.645 [main] MyStoreV01 - Enter username & password
[INFO ] 2024-09-27 17:45:30.645 [main] MyStoreV01 - Enter username & password
[INFO ] 2024-09-27 17:45:31.746 [main] MyStoreV01 - login is Successful
[INFO ] 2024-09-27 17:45:31.746 [main] MyStoreV01 - login is Successful
[INFO ] 2024-09-27 17:45:33.013 [main] MyStoreV01 - Product is showed in page
[INFO ] 2024-09-27 17:45:33.013 [main] MyStoreV01 - Product is showed in page
[INFO ] 2024-09-27 17:45:36.369 [main] MyStoreV01 - Product color choosen
[INFO ] 2024-09-27 17:45:36.369 [main] MyStoreV01 - Product color choosen
[INFO ] 2024-09-27 17:45:39.443 [main] MyStoreV01 - Product'S quantity is increased
[INFO ] 2024-09-27 17:45:39.443 [main] MyStoreV01 - Product'S quantity is increased
[INFO ] 2024-09-27 17:45:39.627 [main] MyStoreV01 - Product'S size is selected
[INFO ] 2024-09-27 17:45:39.627 [main] MyStoreV01 - Product'S size is selected
[INFO ] 2024-09-27 17:45:39.706 [main] MyStoreV01 - Product added to cart
[INFO ] 2024-09-27 17:45:39.706 [main] MyStoreV01 - Product added to cart
[INFO ] 2024-09-27 17:45:42.213 [main] MyStoreV01 - CheckOut...
[INFO ] 2024-09-27 17:45:42.213 [main] MyStoreV01 - CheckOut...
[INFO ] 2024-09-27 17:45:43.614 [main] MyStoreV01 - Ready for shipping ...
[INFO ] 2024-09-27 17:45:43.614 [main] MyStoreV01 - Ready for shipping ...
[INFO ] 2024-09-27 17:45:50.806 [main] MyStoreV01 - payment completed
[INFO ] 2024-09-27 17:45:50.806 [main] MyStoreV01 - payment completed
[INFO ] 2024-09-27 17:45:50.850 [main] MyStoreV01 - Passed
[INFO ] 2024-09-27 17:45:50.850 [main] MyStoreV01 - Passed
[INFO ] 2024-09-27 17:45:53.064 [main] MyStoreV01 - click on sign in link
[INFO ] 2024-09-27 17:45:53.064 [main] MyStoreV01 - click on sign in link
[INFO ] 2024-09-27 17:45:53.326 [main] MyStoreV01 - Enter username & password
[INFO ] 2024-09-27 17:45:53.326 [main] MyStoreV01 - Enter username & password
[INFO ] 2024-09-27 17:45:54.324 [main] MyStoreV01 - login is Successful
[INFO ] 2024-09-27 17:45:54.324 [main] MyStoreV01 - login is Successful
[INFO ] 2024-09-27 17:45:54.961 [main] MyStoreV01 - Product is showed in page
[INFO ] 2024-09-27 17:45:54.961 [main] MyStoreV01 - Product is showed in page
[INFO ] 2024-09-27 17:45:55.082 [main] MyStoreV01 - Search Product testcase - Passed
[INFO ] 2024-09-27 17:45:55.082 [main] MyStoreV01 - Search Product testcase - Passed
[INFO ] 2024-09-27 17:45:56.018 [main] MyStoreV01 - search test case end
[INFO ] 2024-09-27 17:45:56.018 [main] MyStoreV01 - search test case end
[INFO ] 2024-09-27 17:45:56.019 [main] MyStoreV01 - TestCase addtoWishList has been started
[INFO ] 2024-09-27 17:45:56.019 [main] MyStoreV01 - TestCase addtoWishList has been started
[INFO ] 2024-09-27 17:45:57.699 [main] MyStoreV01 - ....mouseOver
[INFO ] 2024-09-27 17:45:57.699 [main] MyStoreV01 - ....mouseOver
[INFO ] 2024-09-27 17:47:30.839 [main] MyStoreV01 - url opened
[INFO ] 2024-09-27 17:47:30.839 [main] MyStoreV01 - url opened
[INFO ] 2024-09-27 17:47:33.244 [main] MyStoreV01 - click on sign in link
[INFO ] 2024-09-27 17:47:33.244 [main] MyStoreV01 - click on sign in link
[INFO ] 2024-09-27 17:47:33.556 [main] MyStoreV01 - Enter username & password
[INFO ] 2024-09-27 17:47:33.556 [main] MyStoreV01 - Enter username & password
[INFO ] 2024-09-27 17:47:35.573 [main] MyStoreV01 - VerifyLogin:- Passed
[INFO ] 2024-09-27 17:47:35.573 [main] MyStoreV01 - VerifyLogin:- Passed
[INFO ] 2024-09-27 17:47:38.851 [main] MyStoreV01 - click on sign in link
[INFO ] 2024-09-27 17:47:38.851 [main] MyStoreV01 - click on sign in link
[INFO ] 2024-09-27 17:47:39.120 [main] MyStoreV01 - Enter username & password
[INFO ] 2024-09-27 17:47:39.120 [main] MyStoreV01 - Enter username & password
[INFO ] 2024-09-27 17:47:41.413 [main] MyStoreV01 - VerifySignOut - Passed
[INFO ] 2024-09-27 17:47:41.413 [main] MyStoreV01 - VerifySignOut - Passed
[INFO ] 2024-09-27 17:47:53.108 [main] MyStoreV01 - url opened
[INFO ] 2024-09-27 17:47:53.108 [main] MyStoreV01 - url opened
[INFO ] 2024-09-27 17:47:54.265 [main] MyStoreV01 - click on sign in link
[INFO ] 2024-09-27 17:47:54.265 [main] MyStoreV01 - click on sign in link
[INFO ] 2024-09-27 17:47:54.568 [main] MyStoreV01 - Enter username & password
[INFO ] 2024-09-27 17:47:54.568 [main] MyStoreV01 - Enter username & password
[INFO ] 2024-09-27 17:47:55.518 [main] MyStoreV01 - login is Successful
[INFO ] 2024-09-27 17:47:55.518 [main] MyStoreV01 - login is Successful
[INFO ] 2024-09-27 17:47:56.535 [main] MyStoreV01 - Product is showed in page
[INFO ] 2024-09-27 17:47:56.535 [main] MyStoreV01 - Product is showed in page
[INFO ] 2024-09-27 17:47:59.960 [main] MyStoreV01 - Product color choosen
[INFO ] 2024-09-27 17:47:59.960 [main] MyStoreV01 - Product color choosen
[INFO ] 2024-09-27 17:48:03.093 [main] MyStoreV01 - Product'S quantity is increased
[INFO ] 2024-09-27 17:48:03.093 [main] MyStoreV01 - Product'S quantity is increased
[INFO ] 2024-09-27 17:48:03.249 [main] MyStoreV01 - Product'S size is selected
[INFO ] 2024-09-27 17:48:03.249 [main] MyStoreV01 - Product'S size is selected
[INFO ] 2024-09-27 17:48:03.329 [main] MyStoreV01 - Product added to cart
[INFO ] 2024-09-27 17:48:03.329 [main] MyStoreV01 - Product added to cart
[INFO ] 2024-09-27 17:48:06.162 [main] MyStoreV01 - CheckOut...
[INFO ] 2024-09-27 17:48:06.162 [main] MyStoreV01 - CheckOut...
[INFO ] 2024-09-27 17:48:08.055 [main] MyStoreV01 - Ready for shipping ...
[INFO ] 2024-09-27 17:48:08.055 [main] MyStoreV01 - Ready for shipping ...
[INFO ] 2024-09-27 17:48:15.189 [main] MyStoreV01 - payment completed
[INFO ] 2024-09-27 17:48:15.189 [main] MyStoreV01 - payment completed
[INFO ] 2024-09-27 17:48:15.233 [main] MyStoreV01 - Passed
[INFO ] 2024-09-27 17:48:15.233 [main] MyStoreV01 - Passed
[INFO ] 2024-09-27 17:48:17.298 [main] MyStoreV01 - click on sign in link
[INFO ] 2024-09-27 17:48:17.298 [main] MyStoreV01 - click on sign in link
[INFO ] 2024-09-27 17:48:17.539 [main] MyStoreV01 - Enter username & password
[INFO ] 2024-09-27 17:48:17.539 [main] MyStoreV01 - Enter username & password
[INFO ] 2024-09-27 17:48:18.696 [main] MyStoreV01 - login is Successful
[INFO ] 2024-09-27 17:48:18.696 [main] MyStoreV01 - login is Successful
[INFO ] 2024-09-27 17:48:19.590 [main] MyStoreV01 - Product is showed in page
[INFO ] 2024-09-27 17:48:19.590 [main] MyStoreV01 - Product is showed in page
[INFO ] 2024-09-27 17:48:19.619 [main] MyStoreV01 - Search Product testcase - Passed
[INFO ] 2024-09-27 17:48:19.619 [main] MyStoreV01 - Search Product testcase - Passed
[INFO ] 2024-09-27 17:48:20.827 [main] MyStoreV01 - search test case end
[INFO ] 2024-09-27 17:48:20.827 [main] MyStoreV01 - search test case end
[INFO ] 2024-09-27 17:48:20.829 [main] MyStoreV01 - TestCase addtoWishList has been started
[INFO ] 2024-09-27 17:48:20.829 [main] MyStoreV01 - TestCase addtoWishList has been started
[INFO ] 2024-09-27 17:48:22.769 [main] MyStoreV01 - ....mouseOver
[INFO ] 2024-09-27 17:48:22.769 [main] MyStoreV01 - ....mouseOver
[INFO ] 2024-10-01 12:31:54.122 [main] MyStoreV01 - url opened
[INFO ] 2024-10-01 12:31:54.122 [main] MyStoreV01 - url opened
[INFO ] 2024-10-01 12:31:55.214 [main] MyStoreV01 - click on sign in link
[INFO ] 2024-10-01 12:31:55.214 [main] MyStoreV01 - click on sign in link
[INFO ] 2024-10-01 12:31:55.514 [main] MyStoreV01 - Enter username & password
[INFO ] 2024-10-01 12:31:55.514 [main] MyStoreV01 - Enter username & password
[INFO ] 2024-10-01 12:31:56.615 [main] MyStoreV01 - VerifyLogin:- Passed
[INFO ] 2024-10-01 12:31:56.615 [main] MyStoreV01 - VerifyLogin:- Passed
[INFO ] 2024-10-01 12:31:58.437 [main] MyStoreV01 - click on sign in link
[INFO ] 2024-10-01 12:31:58.437 [main] MyStoreV01 - click on sign in link
[INFO ] 2024-10-01 12:31:58.771 [main] MyStoreV01 - Enter username & password
[INFO ] 2024-10-01 12:31:58.771 [main] MyStoreV01 - Enter username & password
[INFO ] 2024-10-01 12:32:00.936 [main] MyStoreV01 - VerifySignOut - Passed
[INFO ] 2024-10-01 12:32:00.936 [main] MyStoreV01 - VerifySignOut - Passed
[INFO ] 2024-10-01 12:32:16.083 [main] MyStoreV01 - url opened
[INFO ] 2024-10-01 12:32:16.083 [main] MyStoreV01 - url opened
[INFO ] 2024-10-01 12:32:17.305 [main] MyStoreV01 - click on sign in link
[INFO ] 2024-10-01 12:32:17.305 [main] MyStoreV01 - click on sign in link
[INFO ] 2024-10-01 12:32:17.554 [main] MyStoreV01 - Enter username & password
[INFO ] 2024-10-01 12:32:17.554 [main] MyStoreV01 - Enter username & password
[INFO ] 2024-10-01 12:32:18.710 [main] MyStoreV01 - login is Successful
[INFO ] 2024-10-01 12:32:18.710 [main] MyStoreV01 - login is Successful
[INFO ] 2024-10-01 12:32:20.083 [main] MyStoreV01 - Product is showed in page
[INFO ] 2024-10-01 12:32:20.083 [main] MyStoreV01 - Product is showed in page
[INFO ] 2024-10-01 12:32:23.923 [main] MyStoreV01 - Product color choosen
[INFO ] 2024-10-01 12:32:23.923 [main] MyStoreV01 - Product color choosen
[INFO ] 2024-10-01 12:32:27.009 [main] MyStoreV01 - Product'S quantity is increased
[INFO ] 2024-10-01 12:32:27.009 [main] MyStoreV01 - Product'S quantity is increased
[INFO ] 2024-10-01 12:32:27.198 [main] MyStoreV01 - Product'S size is selected
[INFO ] 2024-10-01 12:32:27.198 [main] MyStoreV01 - Product'S size is selected
[INFO ] 2024-10-01 12:32:27.282 [main] MyStoreV01 - Product added to cart
[INFO ] 2024-10-01 12:32:27.282 [main] MyStoreV01 - Product added to cart
[INFO ] 2024-10-01 12:32:30.841 [main] MyStoreV01 - CheckOut...
[INFO ] 2024-10-01 12:32:30.841 [main] MyStoreV01 - CheckOut...
[INFO ] 2024-10-01 12:32:32.708 [main] MyStoreV01 - Ready for shipping ...
[INFO ] 2024-10-01 12:32:32.708 [main] MyStoreV01 - Ready for shipping ...
[INFO ] 2024-10-01 12:32:41.070 [main] MyStoreV01 - payment completed
[INFO ] 2024-10-01 12:32:41.070 [main] MyStoreV01 - payment completed
[INFO ] 2024-10-01 12:32:41.130 [main] MyStoreV01 - Passed
[INFO ] 2024-10-01 12:32:41.130 [main] MyStoreV01 - Passed
[INFO ] 2024-10-01 12:32:43.203 [main] MyStoreV01 - click on sign in link
[INFO ] 2024-10-01 12:32:43.203 [main] MyStoreV01 - click on sign in link
[INFO ] 2024-10-01 12:32:43.505 [main] MyStoreV01 - Enter username & password
[INFO ] 2024-10-01 12:32:43.505 [main] MyStoreV01 - Enter username & password
[INFO ] 2024-10-01 12:32:44.346 [main] MyStoreV01 - login is Successful
[INFO ] 2024-10-01 12:32:44.346 [main] MyStoreV01 - login is Successful
[INFO ] 2024-10-01 12:32:45.328 [main] MyStoreV01 - Product is showed in page
[INFO ] 2024-10-01 12:32:45.328 [main] MyStoreV01 - Product is showed in page
[INFO ] 2024-10-01 12:32:45.357 [main] MyStoreV01 - Search Product testcase - Passed
[INFO ] 2024-10-01 12:32:45.357 [main] MyStoreV01 - Search Product testcase - Passed
[INFO ] 2024-10-01 12:32:46.406 [main] MyStoreV01 - search test case end
[INFO ] 2024-10-01 12:32:46.406 [main] MyStoreV01 - search test case end
[INFO ] 2024-10-01 12:32:46.407 [main] MyStoreV01 - TestCase addtoWishList has been started
[INFO ] 2024-10-01 12:32:46.407 [main] MyStoreV01 - TestCase addtoWishList has been started
[INFO ] 2024-10-01 12:32:48.681 [main] MyStoreV01 - ....mouseOver
[INFO ] 2024-10-01 12:32:48.681 [main] MyStoreV01 - ....mouseOver
